# JRE version: Java(TM) SE Runtime Environment (8.0_102-b14) (build 1.8.0_102-b14)
# Java VM: Java HotSpot(TM) 64-Bit Server VM (25.102-b14 mixed mode bsd-amd64 compressed oops)
Heap:
 PSYoungGen      total 76288K, used 28229K [0x000000076ab00000, 0x0000000772500000, 0x00000007c0000000)
  eden space 65536K, 42% used [0x000000076ab00000,0x000000076c5efd38,0x000000076eb00000)
  from space 10752K, 6% used [0x000000076eb00000,0x000000076eba1aa8,0x000000076f580000)
  to   space 10752K, 0% used [0x0000000771a80000,0x0000000771a80000,0x0000000772500000)
 ParOldGen       total 74752K, used 9112K [0x00000006c0000000, 0x00000006c4900000, 0x000000076ab00000)
  object space 74752K, 12% used [0x00000006c0000000,0x00000006c08e63f8,0x00000006c4900000)
 Metaspace       used 27064K, capacity 27588K, committed 27904K, reserved 1073152K
  class space    used 3570K, capacity 3804K, committed 3840K, reserved 1048576K
GC Heap History (8 events):
Event: 3.595 GC heap before
{Heap before GC invocations=1 (full 0):
 PSYoungGen      total 76288K, used 53840K [0x000000076ab00000, 0x0000000770000000, 0x00000007c0000000)
  eden space 65536K, 82% used [0x000000076ab00000,0x000000076df94210,0x000000076eb00000)
  from space 10752K, 0% used [0x000000076f580000,0x000000076f580000,0x0000000770000000)
  to   space 10752K, 0% used [0x000000076eb00000,0x000000076eb00000,0x000000076f580000)
 ParOldGen       total 175104K, used 0K [0x00000006c0000000, 0x00000006cab00000, 0x000000076ab00000)
  object space 175104K, 0% used [0x00000006c0000000,0x00000006c0000000,0x00000006cab00000)
 Metaspace       used 20669K, capacity 21182K, committed 21296K, reserved 1067008K
  class space    used 2656K, capacity 2907K, committed 2944K, reserved 1048576K
Event: 3.603 GC heap after
Heap after GC invocations=1 (full 0):
 PSYoungGen      total 76288K, used 9540K [0x000000076ab00000, 0x0000000770000000, 0x00000007c0000000)
  eden space 65536K, 0% used [0x000000076ab00000,0x000000076ab00000,0x000000076eb00000)
  from space 10752K, 88% used [0x000000076eb00000,0x000000076f451380,0x000000076f580000)
  to   space 10752K, 0% used [0x000000076f580000,0x000000076f580000,0x0000000770000000)
 ParOldGen       total 175104K, used 88K [0x00000006c0000000, 0x00000006cab00000, 0x000000076ab00000)
  object space 175104K, 0% used [0x00000006c0000000,0x00000006c0016010,0x00000006cab00000)
 Metaspace       used 20669K, capacity 21182K, committed 21296K, reserved 1067008K
  class space    used 2656K, capacity 2907K, committed 2944K, reserved 1048576K
}
Event: 3.603 GC heap before
{Heap before GC invocations=2 (full 1):
 PSYoungGen      total 76288K, used 9540K [0x000000076ab00000, 0x0000000770000000, 0x00000007c0000000)
  eden space 65536K, 0% used [0x000000076ab00000,0x000000076ab00000,0x000000076eb00000)
  from space 10752K, 88% used [0x000000076eb00000,0x000000076f451380,0x000000076f580000)
  to   space 10752K, 0% used [0x000000076f580000,0x000000076f580000,0x0000000770000000)
 ParOldGen       total 175104K, used 88K [0x00000006c0000000, 0x00000006cab00000, 0x000000076ab00000)
  object space 175104K, 0% used [0x00000006c0000000,0x00000006c0016010,0x00000006cab00000)
 Metaspace       used 20669K, capacity 21182K, committed 21296K, reserved 1067008K
  class space    used 2656K, capacity 2907K, committed 2944K, reserved 1048576K
Event: 3.627 GC heap after
Heap after GC invocations=2 (full 1):
 PSYoungGen      total 76288K, used 0K [0x000000076ab00000, 0x0000000770000000, 0x00000007c0000000)
  eden space 65536K, 0% used [0x000000076ab00000,0x000000076ab00000,0x000000076eb00000)
  from space 10752K, 0% used [0x000000076eb00000,0x000000076eb00000,0x000000076f580000)
  to   space 10752K, 0% used [0x000000076f580000,0x000000076f580000,0x0000000770000000)
 ParOldGen       total 74752K, used 9096K [0x00000006c0000000, 0x00000006c4900000, 0x000000076ab00000)
  object space 74752K, 12% used [0x00000006c0000000,0x00000006c08e23f8,0x00000006c4900000)
 Metaspace       used 20669K, capacity 21182K, committed 21296K, reserved 1067008K
  class space    used 2656K, capacity 2907K, committed 2944K, reserved 1048576K
}
Event: 3.794 GC heap before
{Heap before GC invocations=3 (full 1):
 PSYoungGen      total 76288K, used 65536K [0x000000076ab00000, 0x0000000770000000, 0x00000007c0000000)
  eden space 65536K, 100% used [0x000000076ab00000,0x000000076eb00000,0x000000076eb00000)
  from space 10752K, 0% used [0x000000076eb00000,0x000000076eb00000,0x000000076f580000)
  to   space 10752K, 0% used [0x000000076f580000,0x000000076f580000,0x0000000770000000)
 ParOldGen       total 74752K, used 9096K [0x00000006c0000000, 0x00000006c4900000, 0x000000076ab00000)
  object space 74752K, 12% used [0x00000006c0000000,0x00000006c08e23f8,0x00000006c4900000)
 Metaspace       used 22594K, capacity 23166K, committed 23424K, reserved 1069056K
  class space    used 2893K, capacity 3163K, committed 3200K, reserved 1048576K
Event: 3.796 GC heap after
Heap after GC invocations=3 (full 1):
 PSYoungGen      total 76288K, used 512K [0x000000076ab00000, 0x0000000771a00000, 0x00000007c0000000)
  eden space 65536K, 0% used [0x000000076ab00000,0x000000076ab00000,0x000000076eb00000)
  from space 10752K, 4% used [0x000000076f580000,0x000000076f600030,0x0000000770000000)
  to   space 10752K, 0% used [0x000000076eb00000,0x000000076eb00000,0x000000076f580000)
 ParOldGen       total 74752K, used 9104K [0x00000006c0000000, 0x00000006c4900000, 0x000000076ab00000)
  object space 74752K, 12% used [0x00000006c0000000,0x00000006c08e43f8,0x00000006c4900000)
 Metaspace       used 22594K, capacity 23166K, committed 23424K, reserved 1069056K
  class space    used 2893K, capacity 3163K, committed 3200K, reserved 1048576K
}
Event: 3.857 GC heap before
{Heap before GC invocations=4 (full 1):
 PSYoungGen      total 76288K, used 66048K [0x000000076ab00000, 0x0000000771a00000, 0x00000007c0000000)
  eden space 65536K, 100% used [0x000000076ab00000,0x000000076eb00000,0x000000076eb00000)
  from space 10752K, 4% used [0x000000076f580000,0x000000076f600030,0x0000000770000000)
  to   space 10752K, 0% used [0x000000076eb00000,0x000000076eb00000,0x000000076f580000)
 ParOldGen       total 74752K, used 9104K [0x00000006c0000000, 0x00000006c4900000, 0x000000076ab00000)
  object space 74752K, 12% used [0x00000006c0000000,0x00000006c08e43f8,0x00000006c4900000)
 Metaspace       used 22764K, capacity 23300K, committed 23424K, reserved 1069056K
  class space    used 2900K, capacity 3164K, committed 3200K, reserved 1048576K
Event: 3.858 GC heap after
Heap after GC invocations=4 (full 1):
 PSYoungGen      total 76288K, used 646K [0x000000076ab00000, 0x0000000772500000, 0x00000007c0000000)
  eden space 65536K, 0% used [0x000000076ab00000,0x000000076ab00000,0x000000076eb00000)
  from space 10752K, 6% used [0x000000076eb00000,0x000000076eba1aa8,0x000000076f580000)
  to   space 10752K, 0% used [0x0000000771a80000,0x0000000771a80000,0x0000000772500000)
 ParOldGen       total 74752K, used 9112K [0x00000006c0000000, 0x00000006c4900000, 0x000000076ab00000)
  object space 74752K, 12% used [0x00000006c0000000,0x00000006c08e63f8,0x00000006c4900000)
 Metaspace       used 22764K, capacity 23300K, committed 23424K, reserved 1069056K
  class space    used 2900K, capacity 3164K, committed 3200K, reserved 1048576K
}

